TN:
SF:src/app.js
FN:16,write
FNF:1
FNH:1
FNDA:14,write
DA:1,1
DA:2,1
DA:3,1
DA:4,1
DA:5,1
DA:6,1
DA:7,1
DA:8,1
DA:9,1
DA:10,1
DA:11,1
DA:12,1
DA:13,1
DA:14,1
DA:15,1
DA:16,1
DA:17,1
DA:18,1
DA:19,1
DA:20,1
DA:21,1
DA:22,1
DA:23,1
DA:24,1
DA:25,0
DA:26,0
DA:27,1
DA:28,1
DA:29,1
DA:30,0
DA:31,0
DA:32,1
DA:33,1
DA:34,1
DA:35,0
DA:36,1
DA:37,1
DA:38,1
DA:39,1
DA:40,1
DA:41,1
DA:42,0
DA:43,0
DA:44,1
DA:45,1
DA:46,1
DA:47,0
DA:48,0
DA:49,1
DA:50,1
DA:51,1
DA:52,1
LF:52
LH:43
BRDA:1,0,0,1
BRDA:22,1,0,0
BRDA:16,2,0,14
BRF:3
BRH:2
end_of_record
TN:
SF:src/configs/arcjet.js
FNF:0
FNH:0
DA:1,1
DA:2,1
DA:3,1
DA:4,1
DA:5,1
DA:6,1
DA:7,1
DA:8,1
DA:9,1
DA:10,1
DA:11,1
DA:12,1
DA:13,1
DA:14,1
DA:15,1
DA:16,1
DA:17,1
DA:18,1
DA:19,1
DA:20,1
DA:21,1
DA:22,1
DA:23,1
DA:24,1
DA:25,1
LF:25
LH:25
BRDA:1,0,0,1
BRF:1
BRH:1
end_of_record
TN:
SF:src/configs/db.js
FNF:0
FNH:0
DA:1,1
DA:2,1
DA:3,1
DA:4,1
DA:5,1
DA:6,1
DA:7,1
DA:8,1
DA:9,1
DA:10,1
DA:11,1
DA:12,1
DA:13,1
DA:14,1
DA:15,1
DA:16,0
DA:17,0
DA:18,0
DA:19,0
DA:20,0
DA:21,0
DA:22,0
DA:23,0
DA:24,1
DA:25,1
DA:26,1
DA:27,1
DA:28,1
DA:29,1
LF:29
LH:21
BRDA:1,0,0,1
BRDA:15,1,0,0
BRF:2
BRH:1
end_of_record
TN:
SF:src/configs/logger.js
FNF:0
FNH:0
DA:1,1
DA:2,1
DA:3,1
DA:4,1
DA:5,1
DA:6,1
DA:7,1
DA:8,1
DA:9,1
DA:10,1
DA:11,1
DA:12,1
DA:13,1
DA:14,1
DA:15,1
DA:16,1
DA:17,1
DA:18,1
DA:19,1
DA:20,1
DA:21,1
DA:22,1
DA:23,1
DA:24,1
DA:25,1
DA:26,1
DA:27,1
DA:28,1
DA:29,1
DA:30,1
DA:31,1
DA:32,1
DA:33,1
DA:34,1
DA:35,1
DA:36,1
DA:37,1
DA:38,1
DA:39,1
LF:39
LH:39
BRDA:1,0,0,1
BRF:1
BRH:1
end_of_record
TN:
SF:src/controllers/auth.controller.js
FN:8,getSafeUserPayload
FN:15,signup
FN:57,signin
FN:103,signout
FNF:4
FNH:0
FNDA:0,getSafeUserPayload
FNDA:0,signup
FNDA:0,signin
FNDA:0,signout
DA:1,1
DA:2,1
DA:3,1
DA:4,1
DA:5,1
DA:6,1
DA:7,1
DA:8,1
DA:9,0
DA:10,0
DA:11,0
DA:12,0
DA:13,1
DA:14,1
DA:15,1
DA:16,0
DA:17,0
DA:18,0
DA:19,0
DA:20,0
DA:21,0
DA:22,0
DA:23,0
DA:24,0
DA:25,0
DA:26,0
DA:27,0
DA:28,0
DA:29,0
DA:30,0
DA:31,0
DA:32,0
DA:33,0
DA:34,0
DA:35,0
DA:36,0
DA:37,0
DA:38,0
DA:39,0
DA:40,0
DA:41,0
DA:42,0
DA:43,0
DA:44,0
DA:45,0
DA:46,0
DA:47,0
DA:48,0
DA:49,0
DA:50,0
DA:51,0
DA:52,0
DA:53,0
DA:54,0
DA:55,1
DA:56,1
DA:57,1
DA:58,0
DA:59,0
DA:60,0
DA:61,0
DA:62,0
DA:63,0
DA:64,0
DA:65,0
DA:66,0
DA:67,0
DA:68,0
DA:69,0
DA:70,0
DA:71,0
DA:72,0
DA:73,0
DA:74,0
DA:75,0
DA:76,0
DA:77,0
DA:78,0
DA:79,0
DA:80,0
DA:81,0
DA:82,0
DA:83,0
DA:84,0
DA:85,0
DA:86,0
DA:87,0
DA:88,0
DA:89,0
DA:90,0
DA:91,0
DA:92,0
DA:93,0
DA:94,0
DA:95,0
DA:96,0
DA:97,0
DA:98,0
DA:99,0
DA:100,0
DA:101,1
DA:102,1
DA:103,1
DA:104,0
DA:105,0
DA:106,0
DA:107,0
DA:108,0
DA:109,0
DA:110,0
DA:111,0
DA:112,0
DA:113,0
DA:114,0
DA:115,0
DA:116,0
DA:117,0
DA:118,0
DA:119,0
DA:120,0
DA:121,0
DA:122,1
DA:123,1
DA:124,1
LF:124
LH:20
BRDA:1,0,0,1
BRF:1
BRH:1
end_of_record
TN:
SF:src/controllers/user.controller.js
FN:5,createUser
FN:24,getUserById
FN:42,getAllUsers
FN:61,updateUser
FN:89,deleteUser
FNF:5
FNH:5
FNDA:4,createUser
FNDA:3,getUserById
FNDA:2,getAllUsers
FNDA:3,updateUser
FNDA:2,deleteUser
DA:1,1
DA:2,1
DA:3,1
DA:4,1
DA:5,1
DA:6,4
DA:7,4
DA:8,4
DA:9,2
DA:10,4
DA:11,1
DA:12,1
DA:13,1
DA:14,1
DA:15,1
DA:16,1
DA:17,1
DA:18,4
DA:19,2
DA:20,2
DA:21,2
DA:22,1
DA:23,1
DA:24,1
DA:25,3
DA:26,3
DA:27,3
DA:28,2
DA:29,3
DA:30,1
DA:31,1
DA:32,1
DA:33,1
DA:34,1
DA:35,1
DA:36,1
DA:37,1
DA:38,1
DA:39,1
DA:40,1
DA:41,1
DA:42,1
DA:43,2
DA:44,2
DA:45,2
DA:46,2
DA:47,2
DA:48,2
DA:49,2
DA:50,2
DA:51,2
DA:52,2
DA:53,2
DA:54,2
DA:55,2
DA:56,0
DA:57,0
DA:58,0
DA:59,1
DA:60,1
DA:61,1
DA:62,3
DA:63,3
DA:64,3
DA:65,3
DA:66,3
DA:67,3
DA:68,1
DA:69,1
DA:70,1
DA:71,2
DA:72,3
DA:73,2
DA:74,2
DA:75,1
DA:76,1
DA:77,1
DA:78,2
DA:79,1
DA:80,1
DA:81,1
DA:82,1
DA:83,3
DA:84,0
DA:85,0
DA:86,0
DA:87,1
DA:88,1
DA:89,1
DA:90,2
DA:91,2
DA:92,2
DA:93,2
DA:94,2
DA:95,1
DA:96,1
DA:97,1
DA:98,1
DA:99,1
DA:100,1
DA:101,1
DA:102,2
DA:103,0
DA:104,0
DA:105,0
DA:106,1
LF:106
LH:97
BRDA:1,0,0,1
BRDA:5,1,0,4
BRDA:9,2,0,2
BRDA:10,3,0,1
BRDA:18,4,0,2
BRDA:24,5,0,3
BRDA:28,6,0,2
BRDA:29,7,0,1
BRDA:42,8,0,2
BRDA:55,9,0,0
BRDA:47,10,0,2
BRDA:61,11,0,3
BRDA:67,12,0,1
BRDA:71,13,0,2
BRDA:72,14,0,2
BRDA:74,15,0,1
BRDA:79,16,0,1
BRDA:83,17,0,0
BRDA:89,18,0,2
BRDA:94,19,0,1
BRDA:102,20,0,0
BRF:21
BRH:18
end_of_record
TN:
SF:src/middlewares/security.middleware.js
FN:4,securityMiddleware
FNF:1
FNH:1
FNDA:14,securityMiddleware
DA:1,1
DA:2,1
DA:3,1
DA:4,1
DA:5,14
DA:6,14
DA:7,14
DA:8,14
DA:9,14
DA:10,14
DA:11,14
DA:12,0
DA:13,0
DA:14,14
DA:15,14
DA:16,0
DA:17,0
DA:18,14
DA:19,14
DA:20,14
DA:21,14
DA:22,14
DA:23,14
DA:24,14
DA:25,14
DA:26,14
DA:27,14
DA:28,0
DA:29,0
DA:30,0
DA:31,0
DA:32,0
DA:33,0
DA:34,0
DA:35,0
DA:36,0
DA:37,0
DA:38,0
DA:39,0
DA:40,0
DA:41,0
DA:42,0
DA:43,0
DA:44,0
DA:45,0
DA:46,0
DA:47,0
DA:48,0
DA:49,0
DA:50,0
DA:51,14
DA:52,14
DA:53,14
DA:54,0
DA:55,0
DA:56,0
DA:57,0
DA:58,0
DA:59,0
DA:60,0
DA:61,1
DA:62,1
DA:63,1
LF:63
LH:29
BRDA:1,0,0,1
BRDA:4,1,0,14
BRDA:6,2,0,0
BRDA:11,3,0,0
BRDA:15,4,0,0
BRDA:27,5,0,0
BRDA:53,6,0,0
BRF:7
BRH:2
end_of_record
TN:
SF:src/models/user.model.js
FNF:0
FNH:0
DA:1,1
DA:2,1
DA:3,1
DA:4,1
DA:5,1
DA:6,1
DA:7,1
DA:8,1
DA:9,1
DA:10,1
DA:11,1
DA:12,1
DA:13,1
DA:14,1
DA:15,1
DA:16,1
DA:17,1
LF:17
LH:17
BRDA:1,0,0,1
BRF:1
BRH:1
end_of_record
TN:
SF:src/routes/auth.routes.js
FNF:0
FNH:0
DA:1,1
DA:2,1
DA:3,1
DA:4,1
DA:5,1
DA:6,1
DA:7,1
DA:8,1
DA:9,1
DA:10,1
LF:10
LH:10
BRDA:1,0,0,1
BRF:1
BRH:1
end_of_record
TN:
SF:src/routes/user.routes.js
FNF:0
FNH:0
DA:1,1
DA:2,1
DA:3,1
DA:4,1
DA:5,1
DA:6,1
DA:7,1
DA:8,1
DA:9,1
DA:10,1
DA:11,1
DA:12,1
LF:12
LH:12
BRDA:1,0,0,1
BRF:1
BRH:1
end_of_record
TN:
SF:src/services/auth.service.js
FN:7,hashPassword
FN:16,comparePassword
FN:25,authenticateUser
FN:53,createUser
FNF:4
FNH:0
FNDA:0,hashPassword
FNDA:0,comparePassword
FNDA:0,authenticateUser
FNDA:0,createUser
DA:1,1
DA:2,1
DA:3,1
DA:4,1
DA:5,1
DA:6,1
DA:7,1
DA:8,0
DA:9,0
DA:10,0
DA:11,0
DA:12,0
DA:13,0
DA:14,1
DA:15,1
DA:16,1
DA:17,0
DA:18,0
DA:19,0
DA:20,0
DA:21,0
DA:22,0
DA:23,1
DA:24,1
DA:25,1
DA:26,0
DA:27,0
DA:28,0
DA:29,0
DA:30,0
DA:31,0
DA:32,0
DA:33,0
DA:34,0
DA:35,0
DA:36,0
DA:37,0
DA:38,0
DA:39,0
DA:40,0
DA:41,0
DA:42,0
DA:43,0
DA:44,0
DA:45,0
DA:46,0
DA:47,0
DA:48,0
DA:49,0
DA:50,0
DA:51,1
DA:52,1
DA:53,1
DA:54,0
DA:55,0
DA:56,0
DA:57,0
DA:58,0
DA:59,0
DA:60,0
DA:61,0
DA:62,0
DA:63,0
DA:64,0
DA:65,0
DA:66,0
DA:67,0
DA:68,0
DA:69,0
DA:70,0
DA:71,0
DA:72,0
DA:73,0
DA:74,0
DA:75,0
DA:76,0
DA:77,0
DA:78,0
DA:79,0
DA:80,0
DA:81,0
DA:82,0
DA:83,0
DA:84,0
DA:85,0
DA:86,0
DA:87,0
DA:88,1
LF:88
LH:17
BRDA:1,0,0,1
BRF:1
BRH:1
end_of_record
TN:
SF:src/utils/cookies.js
FN:7,getOptions
FN:23,set
FN:34,clear
FN:48,get
FNF:4
FNH:0
FNDA:0,getOptions
FNDA:0,set
FNDA:0,clear
FNDA:0,get
DA:1,1
DA:2,1
DA:3,1
DA:4,1
DA:5,1
DA:6,1
DA:7,1
DA:8,0
DA:9,0
DA:10,0
DA:11,0
DA:12,0
DA:13,0
DA:14,1
DA:15,1
DA:16,1
DA:17,1
DA:18,1
DA:19,1
DA:20,1
DA:21,1
DA:22,1
DA:23,1
DA:24,0
DA:25,0
DA:26,1
DA:27,1
DA:28,1
DA:29,1
DA:30,1
DA:31,1
DA:32,1
DA:33,1
DA:34,1
DA:35,0
DA:36,0
DA:37,0
DA:38,0
DA:39,0
DA:40,1
DA:41,1
DA:42,1
DA:43,1
DA:44,1
DA:45,1
DA:46,1
DA:47,1
DA:48,1
DA:49,0
DA:50,1
DA:51,1
LF:51
LH:37
BRDA:1,0,0,1
BRF:1
BRH:1
end_of_record
TN:
SF:src/utils/format.js
FN:1,formatValidationError
FN:14,formatValidationErrors
FN:32,formatValidationErrorResponse
FNF:3
FNH:0
FNDA:0,formatValidationError
FNDA:0,formatValidationErrors
FNDA:0,formatValidationErrorResponse
DA:1,1
DA:2,0
DA:3,0
DA:4,0
DA:5,0
DA:6,0
DA:7,0
DA:8,0
DA:9,0
DA:10,0
DA:11,0
DA:12,1
DA:13,1
DA:14,1
DA:15,0
DA:16,0
DA:17,0
DA:18,0
DA:19,0
DA:20,0
DA:21,0
DA:22,0
DA:23,0
DA:24,0
DA:25,0
DA:26,0
DA:27,0
DA:28,0
DA:29,0
DA:30,1
DA:31,1
DA:32,1
DA:33,0
DA:34,0
DA:35,0
DA:36,0
DA:37,0
DA:38,0
DA:39,0
DA:40,0
DA:41,0
DA:42,0
DA:43,0
DA:44,0
DA:45,0
DA:46,0
DA:47,0
DA:48,0
DA:49,0
DA:50,0
DA:51,0
DA:52,0
DA:53,0
DA:54,0
DA:55,0
DA:56,1
LF:56
LH:8
BRDA:1,0,0,1
BRF:1
BRH:1
end_of_record
TN:
SF:src/utils/jwt.js
FN:7,sign
FN:18,verify
FNF:2
FNH:0
FNDA:0,sign
FNDA:0,verify
DA:1,1
DA:2,1
DA:3,1
DA:4,1
DA:5,1
DA:6,1
DA:7,1
DA:8,0
DA:9,0
DA:10,0
DA:11,0
DA:12,0
DA:13,0
DA:14,0
DA:15,0
DA:16,1
DA:17,1
DA:18,1
DA:19,0
DA:20,0
DA:21,0
DA:22,0
DA:23,0
DA:24,0
DA:25,1
DA:26,1
LF:26
LH:12
BRDA:1,0,0,1
BRF:1
BRH:1
end_of_record
TN:
SF:src/validators/auth.validator.js
FN:24,z.object.strict.refine.message
FN:37,z.object.strict.refine.message
FNF:2
FNH:0
FNDA:0,z.object.strict.refine.message
FNDA:0,z.object.strict.refine.message
DA:1,1
DA:2,1
DA:3,1
DA:4,1
DA:5,1
DA:6,1
DA:7,1
DA:8,1
DA:9,1
DA:10,1
DA:11,1
DA:12,1
DA:13,1
DA:14,1
DA:15,1
DA:16,1
DA:17,1
DA:18,1
DA:19,1
DA:20,1
DA:21,1
DA:22,1
DA:23,1
DA:24,1
DA:25,1
DA:26,1
DA:27,1
DA:28,1
DA:29,1
DA:30,1
DA:31,1
DA:32,1
DA:33,1
DA:34,1
DA:35,1
DA:36,1
DA:37,1
DA:38,1
DA:39,1
DA:40,1
LF:40
LH:40
BRDA:1,0,0,1
BRF:1
BRH:1
end_of_record
TN:
SF:src/validators/user.validator.js
FNF:0
FNH:0
DA:1,1
DA:2,1
DA:3,1
DA:4,1
DA:5,1
DA:6,1
DA:7,1
DA:8,1
DA:9,1
DA:10,1
DA:11,1
DA:12,1
DA:13,1
DA:14,1
DA:15,1
DA:16,1
DA:17,1
DA:18,1
LF:18
LH:18
BRDA:1,0,0,1
BRF:1
BRH:1
end_of_record
